<?xml version="1.0" encoding="UTF-8"?>
<testng-results skipped="0" failed="1" total="1" passed="0">
  <reporter-output>
  </reporter-output>
  <suite name="Default suite" duration-ms="19762" started-at="2017-06-29T06:15:12Z" finished-at="2017-06-29T06:15:31Z">
    <groups>
    </groups>
    <test name="Default test" duration-ms="19762" started-at="2017-06-29T06:15:12Z" finished-at="2017-06-29T06:15:31Z">
      <class name="studentcenter_testCases.TC_002_BrightSpaceStudent_Login">
        <test-method status="PASS" signature="beforeSuite()[pri:0, instance:studentcenter_testCases.TC_002_BrightSpaceStudent_Login@3c0f93f1]" name="beforeSuite" is-config="true" duration-ms="470" started-at="2017-06-29T07:15:11Z" finished-at="2017-06-29T07:15:12Z">
          <reporter-output>
          </reporter-output>
        </test-method> <!-- beforeSuite -->
        <test-method status="PASS" signature="beforeTest()[pri:0, instance:studentcenter_testCases.TC_002_BrightSpaceStudent_Login@3c0f93f1]" name="beforeTest" is-config="true" duration-ms="1" started-at="2017-06-29T07:15:12Z" finished-at="2017-06-29T07:15:12Z">
          <reporter-output>
          </reporter-output>
        </test-method> <!-- beforeTest -->
        <test-method status="PASS" signature="setData()[pri:0, instance:studentcenter_testCases.TC_002_BrightSpaceStudent_Login@3c0f93f1]" name="setData" is-config="true" duration-ms="1" started-at="2017-06-29T07:15:12Z" finished-at="2017-06-29T07:15:12Z">
          <reporter-output>
          </reporter-output>
        </test-method> <!-- setData -->
        <test-method status="PASS" signature="beforeMethod()[pri:0, instance:studentcenter_testCases.TC_002_BrightSpaceStudent_Login@3c0f93f1]" name="beforeMethod" is-config="true" duration-ms="7442" started-at="2017-06-29T07:15:13Z" finished-at="2017-06-29T07:15:20Z">
          <reporter-output>
          </reporter-output>
        </test-method> <!-- beforeMethod -->
        <test-method status="FAIL" signature="loginAndLogoutOfBrightSpace(java.lang.String, java.lang.String)[pri:0, instance:studentcenter_testCases.TC_002_BrightSpaceStudent_Login@3c0f93f1]" name="loginAndLogoutOfBrightSpace" duration-ms="9815" started-at="2017-06-29T07:15:20Z" data-provider="fetchData" finished-at="2017-06-29T07:15:30Z">
          <params>
            <param index="0">
              <value>
                <![CDATA[cdtest106@mail.com]]>
              </value>
            </param>
            <param index="1">
              <value>
                <![CDATA[Password1234]]>
              </value>
            </param>
          </params>
          <exception class="java.lang.RuntimeException">
            <message>
              <![CDATA[FAILED]]>
            </message>
            <full-stacktrace>
              <![CDATA[java.lang.RuntimeException: FAILED
	at utils.Reporter.reportStep(Reporter.java:34)
	at utils.Reporter.reportStep(Reporter.java:44)
	at wrappers.GenericWrappers.verifyTitleContains(GenericWrappers.java:329)
	at studentcenter_pages.MyDetails_Page.<init>(MyDetails_Page.java:15)
	at studentcenter_pages.Homepage_CIMABooks_BS_Page.clicktakeMeHere(Homepage_CIMABooks_BS_Page.java:20)
	at studentcenter_testCases.TC_002_BrightSpaceStudent_Login.loginAndLogoutOfBrightSpace(TC_002_BrightSpaceStudent_Login.java:26)
	at sun.reflect.NativeMethodAccessorImpl.invoke0(Native Method)
	at sun.reflect.NativeMethodAccessorImpl.invoke(Unknown Source)
	at sun.reflect.DelegatingMethodAccessorImpl.invoke(Unknown Source)
	at java.lang.reflect.Method.invoke(Unknown Source)
	at org.testng.internal.MethodInvocationHelper.invokeMethod(MethodInvocationHelper.java:86)
	at org.testng.internal.Invoker.invokeMethod(Invoker.java:643)
	at org.testng.internal.Invoker.invokeTestMethod(Invoker.java:820)
	at org.testng.internal.Invoker.invokeTestMethods(Invoker.java:1128)
	at org.testng.internal.TestMethodWorker.invokeTestMethods(TestMethodWorker.java:129)
	at org.testng.internal.TestMethodWorker.run(TestMethodWorker.java:112)
	at org.testng.TestRunner.privateRun(TestRunner.java:782)
	at org.testng.TestRunner.run(TestRunner.java:632)
	at org.testng.SuiteRunner.runTest(SuiteRunner.java:366)
	at org.testng.SuiteRunner.runSequentially(SuiteRunner.java:361)
	at org.testng.SuiteRunner.privateRun(SuiteRunner.java:319)
	at org.testng.SuiteRunner.run(SuiteRunner.java:268)
	at org.testng.SuiteRunnerWorker.runSuite(SuiteRunnerWorker.java:52)
	at org.testng.SuiteRunnerWorker.run(SuiteRunnerWorker.java:86)
	at org.testng.TestNG.runSuitesSequentially(TestNG.java:1244)
	at org.testng.TestNG.runSuitesLocally(TestNG.java:1169)
	at org.testng.TestNG.run(TestNG.java:1064)
	at org.testng.remote.AbstractRemoteTestNG.run(AbstractRemoteTestNG.java:132)
	at org.testng.remote.RemoteTestNG.initAndRun(RemoteTestNG.java:230)
	at org.testng.remote.RemoteTestNG.main(RemoteTestNG.java:76)
]]>
            </full-stacktrace>
          </exception> <!-- java.lang.RuntimeException -->
          <reporter-output>
          </reporter-output>
        </test-method> <!-- loginAndLogoutOfBrightSpace -->
        <test-method status="PASS" signature="afterMethod()[pri:0, instance:studentcenter_testCases.TC_002_BrightSpaceStudent_Login@3c0f93f1]" name="afterMethod" is-config="true" duration-ms="1494" started-at="2017-06-29T07:15:30Z" finished-at="2017-06-29T07:15:31Z">
          <reporter-output>
          </reporter-output>
        </test-method> <!-- afterMethod -->
        <test-method status="PASS" signature="afterTest()[pri:0, instance:studentcenter_testCases.TC_002_BrightSpaceStudent_Login@3c0f93f1]" name="afterTest" is-config="true" duration-ms="0" started-at="2017-06-29T07:15:31Z" finished-at="2017-06-29T07:15:31Z">
          <reporter-output>
          </reporter-output>
        </test-method> <!-- afterTest -->
        <test-method status="PASS" signature="afterSuite()[pri:0, instance:studentcenter_testCases.TC_002_BrightSpaceStudent_Login@3c0f93f1]" name="afterSuite" is-config="true" duration-ms="517" started-at="2017-06-29T07:15:31Z" finished-at="2017-06-29T07:15:32Z">
          <reporter-output>
          </reporter-output>
        </test-method> <!-- afterSuite -->
      </class> <!-- studentcenter_testCases.TC_002_BrightSpaceStudent_Login -->
    </test> <!-- Default test -->
  </suite> <!-- Default suite -->
</testng-results>
