<?xml version="1.0" encoding="UTF-8"?>
<!-- Generated by org.testng.reporters.JUnitXMLReporter -->
<testsuite hostname="DEL-DEV-VM03" name="Test" tests="11" failures="1" timestamp="30 Aug 2017 08:05:40 GMT" time="587.688" errors="0">
  <testcase name="loginAndLogoutInvalidUser" time="68.778" classname="studentcenter_testCases.TC_004_LoginwithInactiveUser"/>
  <testcase name="myDetailsUpdate" time="120.467" classname="studentcenter_testCases.TC_006_MyDetailsUpdate_ContactInformation"/>
  <testcase name="loginAndLogoutInvalidUser" time="3.505" classname="studentcenter_testCases.TC_002_LoginandLogoutInvalidUser"/>
  <testcase name="deliveryAddressUpdate" time="50.266" classname="studentcenter_testCases.TC_008_DeliveryAddressUpdate"/>
  <testcase name="loginAndLogout" time="7.775" classname="studentcenter_testCases.TC_001_LoginandLogout"/>
  <testcase name="loginAndLogout" time="7.288" classname="studentcenter_testCases.TC_001_LoginandLogout"/>
  <testcase name="loginAndLogoutOfBrightSpace" time="13.499" classname="studentcenter_testCases.TC_003_BrightSpaceStudent_Login"/>
  <testcase name="updatePassword" time="9.456" classname="studentcenter_testCases.TC_009_UpdatePassword"/>
  <testcase name="myDetailsUpdate" time="173.11" classname="studentcenter_testCases.TC_005_MyDetailsUpdate_PersonalDetails">
    <failure type="org.openqa.selenium.NoSuchElementException" message="no such element: Unable to locate element: {&amp;quot;method&amp;quot;:&amp;quot;xpath&amp;quot;,&amp;quot;selector&amp;quot;:&amp;quot;(//input[@type=&amp;apos;submit&amp;apos;])[1]&amp;quot;}
  (Session info: chrome=60.0.3112.101)
  (Driver info: chromedriver=2.29.461591 (62ebf098771772160f391d75e589dc567915b233),platform=Windows NT 6.3.9600 x86_64) (WARNING: The server did not provide any stacktrace information)
Command duration or timeout: 30.05 seconds
For documentation on this error, please visit: http://seleniumhq.org/exceptions/no_such_element.html
Build info: version: &amp;apos;3.4.0&amp;apos;, revision: &amp;apos;unknown&amp;apos;, time: &amp;apos;unknown&amp;apos;
System info: host: &amp;apos;DEL-DEV-VM03&amp;apos;, ip: &amp;apos;10.73.247.203&amp;apos;, os.name: &amp;apos;Windows Server 2012 R2&amp;apos;, os.arch: &amp;apos;x86&amp;apos;, os.version: &amp;apos;6.3&amp;apos;, java.version: &amp;apos;1.8.0_144&amp;apos;
Driver info: org.openqa.selenium.chrome.ChromeDriver
Capabilities [{applicationCacheEnabled=false, rotatable=false, mobileEmulationEnabled=false, networkConnectionEnabled=false, chrome={chromedriverVersion=2.29.461591 (62ebf098771772160f391d75e589dc567915b233), userDataDir=C:\Users\DSURAV~1\AppData\Local\Temp\2\scoped_dir11288_17836}, takesHeapSnapshot=true, pageLoadStrategy=normal, databaseEnabled=false, handlesAlerts=true, hasTouchScreen=false, version=60.0.3112.101, platform=WIN8_1, browserConnectionEnabled=false, nativeEvents=true, acceptSslCerts=true, locationContextEnabled=true, webStorageEnabled=true, browserName=chrome, takesScreenshot=true, javascriptEnabled=true, cssSelectorsEnabled=true, unexpectedAlertBehaviour=}]
Session ID: 8d0f3d5786beac6a10a2480bc8cb1a56
*** Element info: {Using=xpath, value=(//input[@type=&amp;apos;submit&amp;apos;])[1]}">
      <![CDATA[org.openqa.selenium.NoSuchElementException: no such element: Unable to locate element: {"method":"xpath","selector":"(//input[@type='submit'])[1]"}
  (Session info: chrome=60.0.3112.101)
  (Driver info: chromedriver=2.29.461591 (62ebf098771772160f391d75e589dc567915b233),platform=Windows NT 6.3.9600 x86_64) (WARNING: The server did not provide any stacktrace information)
Command duration or timeout: 30.05 seconds
For documentation on this error, please visit: http://seleniumhq.org/exceptions/no_such_element.html
Build info: version: '3.4.0', revision: 'unknown', time: 'unknown'
System info: host: 'DEL-DEV-VM03', ip: '10.73.247.203', os.name: 'Windows Server 2012 R2', os.arch: 'x86', os.version: '6.3', java.version: '1.8.0_144'
Driver info: org.openqa.selenium.chrome.ChromeDriver
Capabilities [{applicationCacheEnabled=false, rotatable=false, mobileEmulationEnabled=false, networkConnectionEnabled=false, chrome={chromedriverVersion=2.29.461591 (62ebf098771772160f391d75e589dc567915b233), userDataDir=C:\Users\DSURAV~1\AppData\Local\Temp\2\scoped_dir11288_17836}, takesHeapSnapshot=true, pageLoadStrategy=normal, databaseEnabled=false, handlesAlerts=true, hasTouchScreen=false, version=60.0.3112.101, platform=WIN8_1, browserConnectionEnabled=false, nativeEvents=true, acceptSslCerts=true, locationContextEnabled=true, webStorageEnabled=true, browserName=chrome, takesScreenshot=true, javascriptEnabled=true, cssSelectorsEnabled=true, unexpectedAlertBehaviour=}]
Session ID: 8d0f3d5786beac6a10a2480bc8cb1a56
*** Element info: {Using=xpath, value=(//input[@type='submit'])[1]}
	at org.openqa.selenium.remote.ErrorHandler.createThrowable(ErrorHandler.java:215)
	at org.openqa.selenium.remote.ErrorHandler.throwIfResponseFailed(ErrorHandler.java:167)
	at org.openqa.selenium.remote.RemoteWebDriver.execute(RemoteWebDriver.java:671)
	at org.openqa.selenium.remote.RemoteWebDriver.findElement(RemoteWebDriver.java:410)
	at org.openqa.selenium.remote.RemoteWebDriver.findElementByXPath(RemoteWebDriver.java:509)
	at org.openqa.selenium.By$ByXPath.findElement(By.java:361)
	at org.openqa.selenium.remote.RemoteWebDriver.findElement(RemoteWebDriver.java:402)
	at studentcenter_pages.MyDetails_Page.clickOnUpdateDetails(MyDetails_Page.java:71)
	at studentcenter_testCases.TC_005_MyDetailsUpdate_PersonalDetails.myDetailsUpdate(TC_005_MyDetailsUpdate_PersonalDetails.java:32)
... Removed 28 stack frames]]>
    </failure>
  </testcase> <!-- myDetailsUpdate -->
  <testcase name="orderHistory" time="23.777" classname="studentcenter_testCases.TC_010_OrderHistory"/>
  <testcase name="HomeAddressUpdate" time="22.802" classname="studentcenter_testCases.TC_007_HomeAddressUpdate"/>
</testsuite> <!-- Test -->
